EW17  X6  HHZ  26 53.1000S 68 25.6200W4380
NS09  X6  HHZ  26 54.6060S 67 39.1560W3440
EW14  X6  HHZ  26 42.5400S 68  0.1560W4552
BB10  X6  HHZ  26 22.7400S 67 41.4420W3336
EW12  X6  HHZ  26 41.1060S 67 46.4160W3735
BB09  X6  HHZ  26 31.5060S 68  5.9280W3787
NS06  X6  HHZ  26 36.9780S 67 26.4000W3111
NS07  X6  HHZ  26 40.0620S 67 33.0300W3517
BB08  X6  HHZ  26  0.9600S 67 55.0800W3347
EW15  X6  HHZ  26 44.6640S 68  9.7740W4710
EW13  X6  HHZ  26 39.1380S 67 52.6380W3882
BB02  X6  HHZ  27  6.6600S 68  5.4000W3810
NS10  X6  HHZ  27  3.0600S 67 41.2800W2485
NS08  X6  HHZ  26 47.0460S 67 38.9040W4190
BB11  X6  HHZ  27  6.7500S 66 56.6160W2193
NS11  X6  HHZ  27  6.7500S 67 42.1560W2170
EW10  X6  HHZ  26 35.5200S 67 15.7200W3505
NS05  X6  HHZ  26 30.7500S 67 24.2040W3037
BB07  X6  HHZ  25 30.9600S 67 37.0860W3399
BB19  X6  HHZ  26 18.3780S 67  3.6900W4419
EW11  X6  HHZ  26 39.9720S 67 40.5720W3755
EW16  X6  HHZ  26 51.0600S 68 16.6200W4705
