X6.EW17	-26.88500	-68.42700	4380.00	-1
X6.NS09	-26.91010	-67.65260	3440.00	-1
X6.EW14	-26.70900	-68.00260	4552.00	-1
X6.BB10	-26.37900	-67.69070	3336.00	-1
X6.EW12	-26.68510	-67.77360	3735.00	-1
X6.BB09	-26.52510	-68.09880	3787.00	-1
X6.NS06	-26.61630	-67.44000	3111.00	-1
X6.NS07	-26.66770	-67.55050	3517.00	-1
X6.BB08	-26.01600	-67.91800	3347.00	-1
X6.EW15	-26.74440	-68.16290	4710.00	-1
X6.EW13	-26.65230	-67.87730	3882.00	-1
X6.BB02	-27.11100	-68.09000	3810.00	-1
X6.NS10	-27.05100	-67.68800	2485.00	-1
X6.NS08	-26.78410	-67.64840	4190.00	-1
X6.BB11	-27.11250	-66.94360	2193.00	-1
X6.NS11	-27.11250	-67.70260	2170.00	-1
X6.EW10	-26.59200	-67.26200	3505.00	-1
X6.NS05	-26.51250	-67.40340	3037.00	-1
X6.BB07	-25.51600	-67.61810	3399.00	-1
X6.BB19	-26.30630	-67.06150	4419.00	-1
X6.EW11	-26.66620	-67.67620	3755.00	-1
X6.EW16	-26.85100	-68.27700	4705.00	-1
